<?xml version="1.0" encoding="UTF-8"?>
<!-- Generated by org.testng.reporters.JUnitReportReporter -->
<testsuite hostname="DESKTOP-72BJ32R" failures="0" tests="1" name="hardikgoswami.main.main" time="9.109" errors="0" timestamp="2024-03-03T15:31:47 IST" skipped="0">
  <testcase classname="hardikgoswami.main.main" name="submitOrder" time="9.109"/>
</testsuite> <!-- hardikgoswami.main.main -->
