<?xml version="1.0" encoding="UTF-8"?>
<!-- Generated by org.testng.reporters.JUnitReportReporter -->
<testsuite hostname="DESKTOP-72BJ32R" failures="0" tests="1" name="hardikgoswami.main.main" time="13.655" errors="0" timestamp="2024-03-10T21:41:17 IST" skipped="0">
  <testcase classname="hardikgoswami.main.main" name="runMethod" time="13.655"/>
  <system-out/>
</testsuite> <!-- hardikgoswami.main.main -->
